[1.494s] Invoking command in '/home/vikee/ros2_ws/src/my_py_pkg': PYTHONPATH=/home/vikee/ros2_ws/build/my_py_pkg/prefix_override:/home/vikee/ros2_ws/install/my_py_pkg/lib/python3.8/site-packages:${PYTHONPATH} /usr/bin/python3 setup.py egg_info --egg-base ../../build/my_py_pkg build --build-base /home/vikee/ros2_ws/build/my_py_pkg/build install --record /home/vikee/ros2_ws/build/my_py_pkg/install.log --install-scripts $base/lib/my_py_pkg --single-version-externally-managed
[1.918s] running egg_info
[1.919s] creating ../../build/my_py_pkg/my_py_pkg.egg-info
[1.919s] writing ../../build/my_py_pkg/my_py_pkg.egg-info/PKG-INFO
[1.920s] writing dependency_links to ../../build/my_py_pkg/my_py_pkg.egg-info/dependency_links.txt
[1.920s] writing entry points to ../../build/my_py_pkg/my_py_pkg.egg-info/entry_points.txt
[1.920s] writing requirements to ../../build/my_py_pkg/my_py_pkg.egg-info/requires.txt
[1.920s] writing top-level names to ../../build/my_py_pkg/my_py_pkg.egg-info/top_level.txt
[1.927s] writing manifest file '../../build/my_py_pkg/my_py_pkg.egg-info/SOURCES.txt'
[2.009s] reading manifest file '../../build/my_py_pkg/my_py_pkg.egg-info/SOURCES.txt'
[2.011s] writing manifest file '../../build/my_py_pkg/my_py_pkg.egg-info/SOURCES.txt'
[2.011s] running build
[2.012s] running build_py
[2.012s] creating /home/vikee/ros2_ws/build/my_py_pkg/build
[2.012s] creating /home/vikee/ros2_ws/build/my_py_pkg/build/lib
[2.012s] creating /home/vikee/ros2_ws/build/my_py_pkg/build/lib/my_py_pkg
[2.012s] copying my_py_pkg/__init__.py -> /home/vikee/ros2_ws/build/my_py_pkg/build/lib/my_py_pkg
[2.013s] running install
[2.015s] running install_lib
[2.016s] creating /home/vikee/ros2_ws/install/my_py_pkg/lib/python3.8/site-packages/my_py_pkg
[2.016s] copying /home/vikee/ros2_ws/build/my_py_pkg/build/lib/my_py_pkg/__init__.py -> /home/vikee/ros2_ws/install/my_py_pkg/lib/python3.8/site-packages/my_py_pkg
[2.018s] byte-compiling /home/vikee/ros2_ws/install/my_py_pkg/lib/python3.8/site-packages/my_py_pkg/__init__.py to __init__.cpython-38.pyc
[2.021s] running install_data
[2.022s] creating /home/vikee/ros2_ws/install/my_py_pkg/share/ament_index
[2.023s] creating /home/vikee/ros2_ws/install/my_py_pkg/share/ament_index/resource_index
[2.023s] creating /home/vikee/ros2_ws/install/my_py_pkg/share/ament_index/resource_index/packages
[2.023s] copying resource/my_py_pkg -> /home/vikee/ros2_ws/install/my_py_pkg/share/ament_index/resource_index/packages
[2.023s] copying package.xml -> /home/vikee/ros2_ws/install/my_py_pkg/share/my_py_pkg
[2.024s] running install_egg_info
[2.026s] Copying ../../build/my_py_pkg/my_py_pkg.egg-info to /home/vikee/ros2_ws/install/my_py_pkg/lib/python3.8/site-packages/my_py_pkg-0.0.0-py3.8.egg-info
[2.031s] running install_scripts
[2.066s] writing list of installed files to '/home/vikee/ros2_ws/build/my_py_pkg/install.log'
[2.116s] Invoked command in '/home/vikee/ros2_ws/src/my_py_pkg' returned '0': PYTHONPATH=/home/vikee/ros2_ws/build/my_py_pkg/prefix_override:/home/vikee/ros2_ws/install/my_py_pkg/lib/python3.8/site-packages:${PYTHONPATH} /usr/bin/python3 setup.py egg_info --egg-base ../../build/my_py_pkg build --build-base /home/vikee/ros2_ws/build/my_py_pkg/build install --record /home/vikee/ros2_ws/build/my_py_pkg/install.log --install-scripts $base/lib/my_py_pkg --single-version-externally-managed
